<?xml version="1.0" encoding="utf-8" standalone="no"?>
<test-results xmlns:xsi="http://www.w3.org/2001/XMLSchema-instance" xsi:noNamespaceSchemaLocation="nunit_schema_2.5.xsd" name="Pester" total="140" errors="0" failures="0" not-run="0" inconclusive="0" ignored="0" skipped="0" invalid="0" date="2024-06-11" time="12:25:32">
  <environment nunit-version="2.5.8.0" user-domain="" platform="Linux" clr-version="8.0.4" os-version="5.15.153.1-microsoft-standard-WSL2" cwd="/home/kas/soco_dev/Modules/powershell.seeded-guid-githubActions" machine-name="SOC-LON-200888" user="kas" />
  <culture-info current-culture="" current-uiculture="" />
  <test-suite type="TestFixture" name="Pester" executed="True" result="Success" success="True" time="0.7492" asserts="0" description="Pester">
    <results>
      <test-suite type="TestFixture" name="/home/kas/soco_dev/Modules/powershell.seeded-guid-githubActions/SeededGuid/SeededGuid.PSSATests.ps1" executed="True" result="Success" success="True" time="0.7492" asserts="0" description="/home/kas/soco_dev/Modules/powershell.seeded-guid-githubActions/SeededGuid/SeededGuid.PSSATests.ps1">
        <results>
          <test-suite type="TestFixture" name="'SeededGuid' Module Analysis with PSScriptAnalyzer" executed="True" result="Success" success="True" time="0.3509" asserts="0" description="'SeededGuid' Module Analysis with PSScriptAnalyzer">
            <results>
              <test-suite type="TestFixture" name="'SeededGuid' Module Analysis with PSScriptAnalyzer.Standard Rules" executed="True" result="Success" success="True" time="0.3463" asserts="0" description="'SeededGuid' Module Analysis with PSScriptAnalyzer.Standard Rules">
                <results>
                  <test-suite type="ParameterizedTest" name="'SeededGuid' Module Analysis with PSScriptAnalyzer.Standard Rules.should pass '&lt;Rule&gt;' rule" executed="True" result="Success" success="True" time="0.3342" asserts="0" description="should pass '&lt;Rule&gt;' rule">
                    <results>
                      <test-case description="should pass 'PSAlignAssignmentStatement' rule" name="'SeededGuid' Module Analysis with PSScriptAnalyzer.Standard Rules.should pass 'PSAlignAssignmentStatement' rule" time="0.0037" asserts="0" success="True" result="Success" executed="True" />
                      <test-case description="should pass 'PSAvoidUsingCmdletAliases' rule" name="'SeededGuid' Module Analysis with PSScriptAnalyzer.Standard Rules.should pass 'PSAvoidUsingCmdletAliases' rule" time="0.0074" asserts="0" success="True" result="Success" executed="True" />
                      <test-case description="should pass 'PSAvoidAssignmentToAutomaticVariable' rule" name="'SeededGuid' Module Analysis with PSScriptAnalyzer.Standard Rules.should pass 'PSAvoidAssignmentToAutomaticVariable' rule" time="0.0083" asserts="0" success="True" result="Success" executed="True" />
                      <test-case description="should pass 'PSAvoidDefaultValueSwitchParameter' rule" name="'SeededGuid' Module Analysis with PSScriptAnalyzer.Standard Rules.should pass 'PSAvoidDefaultValueSwitchParameter' rule" time="0.0038" asserts="0" success="True" result="Success" executed="True" />
                      <test-case description="should pass 'PSAvoidDefaultValueForMandatoryParameter' rule" name="'SeededGuid' Module Analysis with PSScriptAnalyzer.Standard Rules.should pass 'PSAvoidDefaultValueForMandatoryParameter' rule" time="0.0035" asserts="0" success="True" result="Success" executed="True" />
                      <test-case description="should pass 'PSAvoidUsingEmptyCatchBlock' rule" name="'SeededGuid' Module Analysis with PSScriptAnalyzer.Standard Rules.should pass 'PSAvoidUsingEmptyCatchBlock' rule" time="0.0036" asserts="0" success="True" result="Success" executed="True" />
                      <test-case description="should pass 'PSAvoidExclaimOperator' rule" name="'SeededGuid' Module Analysis with PSScriptAnalyzer.Standard Rules.should pass 'PSAvoidExclaimOperator' rule" time="0.0063" asserts="0" success="True" result="Success" executed="True" />
                      <test-case description="should pass 'PSAvoidGlobalAliases' rule" name="'SeededGuid' Module Analysis with PSScriptAnalyzer.Standard Rules.should pass 'PSAvoidGlobalAliases' rule" time="0.0034" asserts="0" success="True" result="Success" executed="True" />
                      <test-case description="should pass 'PSAvoidGlobalFunctions' rule" name="'SeededGuid' Module Analysis with PSScriptAnalyzer.Standard Rules.should pass 'PSAvoidGlobalFunctions' rule" time="0.0062" asserts="0" success="True" result="Success" executed="True" />
                      <test-case description="should pass 'PSAvoidGlobalVars' rule" name="'SeededGuid' Module Analysis with PSScriptAnalyzer.Standard Rules.should pass 'PSAvoidGlobalVars' rule" time="0.0037" asserts="0" success="True" result="Success" executed="True" />
                      <test-case description="should pass 'PSAvoidInvokingEmptyMembers' rule" name="'SeededGuid' Module Analysis with PSScriptAnalyzer.Standard Rules.should pass 'PSAvoidInvokingEmptyMembers' rule" time="0.0034" asserts="0" success="True" result="Success" executed="True" />
                      <test-case description="should pass 'PSAvoidLongLines' rule" name="'SeededGuid' Module Analysis with PSScriptAnalyzer.Standard Rules.should pass 'PSAvoidLongLines' rule" time="0.006" asserts="0" success="True" result="Success" executed="True" />
                      <test-case description="should pass 'PSAvoidMultipleTypeAttributes' rule" name="'SeededGuid' Module Analysis with PSScriptAnalyzer.Standard Rules.should pass 'PSAvoidMultipleTypeAttributes' rule" time="0.0034" asserts="0" success="True" result="Success" executed="True" />
                      <test-case description="should pass 'PSAvoidNullOrEmptyHelpMessageAttribute' rule" name="'SeededGuid' Module Analysis with PSScriptAnalyzer.Standard Rules.should pass 'PSAvoidNullOrEmptyHelpMessageAttribute' rule" time="0.0036" asserts="0" success="True" result="Success" executed="True" />
                      <test-case description="should pass 'PSAvoidOverwritingBuiltInCmdlets' rule" name="'SeededGuid' Module Analysis with PSScriptAnalyzer.Standard Rules.should pass 'PSAvoidOverwritingBuiltInCmdlets' rule" time="0.0066" asserts="0" success="True" result="Success" executed="True" />
                      <test-case description="should pass 'PSAvoidUsingPositionalParameters' rule" name="'SeededGuid' Module Analysis with PSScriptAnalyzer.Standard Rules.should pass 'PSAvoidUsingPositionalParameters' rule" time="0.0034" asserts="0" success="True" result="Success" executed="True" />
                      <test-case description="should pass 'PSReservedCmdletChar' rule" name="'SeededGuid' Module Analysis with PSScriptAnalyzer.Standard Rules.should pass 'PSReservedCmdletChar' rule" time="0.0059" asserts="0" success="True" result="Success" executed="True" />
                      <test-case description="should pass 'PSReservedParams' rule" name="'SeededGuid' Module Analysis with PSScriptAnalyzer.Standard Rules.should pass 'PSReservedParams' rule" time="0.0043" asserts="0" success="True" result="Success" executed="True" />
                      <test-case description="should pass 'PSAvoidSemicolonsAsLineTerminators' rule" name="'SeededGuid' Module Analysis with PSScriptAnalyzer.Standard Rules.should pass 'PSAvoidSemicolonsAsLineTerminators' rule" time="0.003" asserts="0" success="True" result="Success" executed="True" />
                      <test-case description="should pass 'PSAvoidShouldContinueWithoutForce' rule" name="'SeededGuid' Module Analysis with PSScriptAnalyzer.Standard Rules.should pass 'PSAvoidShouldContinueWithoutForce' rule" time="0.0062" asserts="0" success="True" result="Success" executed="True" />
                      <test-case description="should pass 'PSAvoidTrailingWhitespace' rule" name="'SeededGuid' Module Analysis with PSScriptAnalyzer.Standard Rules.should pass 'PSAvoidTrailingWhitespace' rule" time="0.0038" asserts="0" success="True" result="Success" executed="True" />
                      <test-case description="should pass 'PSAvoidUsingUsernameAndPasswordParams' rule" name="'SeededGuid' Module Analysis with PSScriptAnalyzer.Standard Rules.should pass 'PSAvoidUsingUsernameAndPasswordParams' rule" time="0.0034" asserts="0" success="True" result="Success" executed="True" />
                      <test-case description="should pass 'PSAvoidUsingAllowUnencryptedAuthentication' rule" name="'SeededGuid' Module Analysis with PSScriptAnalyzer.Standard Rules.should pass 'PSAvoidUsingAllowUnencryptedAuthentication' rule" time="0.0062" asserts="0" success="True" result="Success" executed="True" />
                      <test-case description="should pass 'PSAvoidUsingBrokenHashAlgorithms' rule" name="'SeededGuid' Module Analysis with PSScriptAnalyzer.Standard Rules.should pass 'PSAvoidUsingBrokenHashAlgorithms' rule" time="0.0032" asserts="0" success="True" result="Success" executed="True" />
                      <test-case description="should pass 'PSAvoidUsingComputerNameHardcoded' rule" name="'SeededGuid' Module Analysis with PSScriptAnalyzer.Standard Rules.should pass 'PSAvoidUsingComputerNameHardcoded' rule" time="0.0043" asserts="0" success="True" result="Success" executed="True" />
                      <test-case description="should pass 'PSAvoidUsingConvertToSecureStringWithPlainText' rule" name="'SeededGuid' Module Analysis with PSScriptAnalyzer.Standard Rules.should pass 'PSAvoidUsingConvertToSecureStringWithPlainText' rule" time="0.0064" asserts="0" success="True" result="Success" executed="True" />
                      <test-case description="should pass 'PSAvoidUsingDeprecatedManifestFields' rule" name="'SeededGuid' Module Analysis with PSScriptAnalyzer.Standard Rules.should pass 'PSAvoidUsingDeprecatedManifestFields' rule" time="0.0037" asserts="0" success="True" result="Success" executed="True" />
                      <test-case description="should pass 'PSAvoidUsingDoubleQuotesForConstantString' rule" name="'SeededGuid' Module Analysis with PSScriptAnalyzer.Standard Rules.should pass 'PSAvoidUsingDoubleQuotesForConstantString' rule" time="0.0035" asserts="0" success="True" result="Success" executed="True" />
                      <test-case description="should pass 'PSAvoidUsingInvokeExpression' rule" name="'SeededGuid' Module Analysis with PSScriptAnalyzer.Standard Rules.should pass 'PSAvoidUsingInvokeExpression' rule" time="0.0041" asserts="0" success="True" result="Success" executed="True" />
                      <test-case description="should pass 'PSAvoidUsingPlainTextForPassword' rule" name="'SeededGuid' Module Analysis with PSScriptAnalyzer.Standard Rules.should pass 'PSAvoidUsingPlainTextForPassword' rule" time="0.0072" asserts="0" success="True" result="Success" executed="True" />
                      <test-case description="should pass 'PSAvoidUsingWMICmdlet' rule" name="'SeededGuid' Module Analysis with PSScriptAnalyzer.Standard Rules.should pass 'PSAvoidUsingWMICmdlet' rule" time="0.0043" asserts="0" success="True" result="Success" executed="True" />
                      <test-case description="should pass 'PSAvoidUsingWriteHost' rule" name="'SeededGuid' Module Analysis with PSScriptAnalyzer.Standard Rules.should pass 'PSAvoidUsingWriteHost' rule" time="0.0063" asserts="0" success="True" result="Success" executed="True" />
                      <test-case description="should pass 'PSUseCompatibleCommands' rule" name="'SeededGuid' Module Analysis with PSScriptAnalyzer.Standard Rules.should pass 'PSUseCompatibleCommands' rule" time="0.0034" asserts="0" success="True" result="Success" executed="True" />
                      <test-case description="should pass 'PSUseCompatibleSyntax' rule" name="'SeededGuid' Module Analysis with PSScriptAnalyzer.Standard Rules.should pass 'PSUseCompatibleSyntax' rule" time="0.003" asserts="0" success="True" result="Success" executed="True" />
                      <test-case description="should pass 'PSUseCompatibleTypes' rule" name="'SeededGuid' Module Analysis with PSScriptAnalyzer.Standard Rules.should pass 'PSUseCompatibleTypes' rule" time="0.0061" asserts="0" success="True" result="Success" executed="True" />
                      <test-case description="should pass 'PSMisleadingBacktick' rule" name="'SeededGuid' Module Analysis with PSScriptAnalyzer.Standard Rules.should pass 'PSMisleadingBacktick' rule" time="0.0035" asserts="0" success="True" result="Success" executed="True" />
                      <test-case description="should pass 'PSMissingModuleManifestField' rule" name="'SeededGuid' Module Analysis with PSScriptAnalyzer.Standard Rules.should pass 'PSMissingModuleManifestField' rule" time="0.0033" asserts="0" success="True" result="Success" executed="True" />
                      <test-case description="should pass 'PSPlaceCloseBrace' rule" name="'SeededGuid' Module Analysis with PSScriptAnalyzer.Standard Rules.should pass 'PSPlaceCloseBrace' rule" time="0.0062" asserts="0" success="True" result="Success" executed="True" />
                      <test-case description="should pass 'PSPlaceOpenBrace' rule" name="'SeededGuid' Module Analysis with PSScriptAnalyzer.Standard Rules.should pass 'PSPlaceOpenBrace' rule" time="0.0032" asserts="0" success="True" result="Success" executed="True" />
                      <test-case description="should pass 'PSPossibleIncorrectComparisonWithNull' rule" name="'SeededGuid' Module Analysis with PSScriptAnalyzer.Standard Rules.should pass 'PSPossibleIncorrectComparisonWithNull' rule" time="0.0034" asserts="0" success="True" result="Success" executed="True" />
                      <test-case description="should pass 'PSPossibleIncorrectUsageOfAssignmentOperator' rule" name="'SeededGuid' Module Analysis with PSScriptAnalyzer.Standard Rules.should pass 'PSPossibleIncorrectUsageOfAssignmentOperator' rule" time="0.0036" asserts="0" success="True" result="Success" executed="True" />
                      <test-case description="should pass 'PSPossibleIncorrectUsageOfRedirectionOperator' rule" name="'SeededGuid' Module Analysis with PSScriptAnalyzer.Standard Rules.should pass 'PSPossibleIncorrectUsageOfRedirectionOperator' rule" time="0.0068" asserts="0" success="True" result="Success" executed="True" />
                      <test-case description="should pass 'PSProvideCommentHelp' rule" name="'SeededGuid' Module Analysis with PSScriptAnalyzer.Standard Rules.should pass 'PSProvideCommentHelp' rule" time="0.0036" asserts="0" success="True" result="Success" executed="True" />
                      <test-case description="should pass 'PSReviewUnusedParameter' rule" name="'SeededGuid' Module Analysis with PSScriptAnalyzer.Standard Rules.should pass 'PSReviewUnusedParameter' rule" time="0.0063" asserts="0" success="True" result="Success" executed="True" />
                      <test-case description="should pass 'PSUseApprovedVerbs' rule" name="'SeededGuid' Module Analysis with PSScriptAnalyzer.Standard Rules.should pass 'PSUseApprovedVerbs' rule" time="0.0042" asserts="0" success="True" result="Success" executed="True" />
                      <test-case description="should pass 'PSUseBOMForUnicodeEncodedFile' rule" name="'SeededGuid' Module Analysis with PSScriptAnalyzer.Standard Rules.should pass 'PSUseBOMForUnicodeEncodedFile' rule" time="0.0038" asserts="0" success="True" result="Success" executed="True" />
                      <test-case description="should pass 'PSUseCmdletCorrectly' rule" name="'SeededGuid' Module Analysis with PSScriptAnalyzer.Standard Rules.should pass 'PSUseCmdletCorrectly' rule" time="0.0147" asserts="0" success="True" result="Success" executed="True" />
                      <test-case description="should pass 'PSUseCompatibleCmdlets' rule" name="'SeededGuid' Module Analysis with PSScriptAnalyzer.Standard Rules.should pass 'PSUseCompatibleCmdlets' rule" time="0.0036" asserts="0" success="True" result="Success" executed="True" />
                      <test-case description="should pass 'PSUseConsistentIndentation' rule" name="'SeededGuid' Module Analysis with PSScriptAnalyzer.Standard Rules.should pass 'PSUseConsistentIndentation' rule" time="0.0033" asserts="0" success="True" result="Success" executed="True" />
                      <test-case description="should pass 'PSUseConsistentWhitespace' rule" name="'SeededGuid' Module Analysis with PSScriptAnalyzer.Standard Rules.should pass 'PSUseConsistentWhitespace' rule" time="0.0057" asserts="0" success="True" result="Success" executed="True" />
                      <test-case description="should pass 'PSUseCorrectCasing' rule" name="'SeededGuid' Module Analysis with PSScriptAnalyzer.Standard Rules.should pass 'PSUseCorrectCasing' rule" time="0.0034" asserts="0" success="True" result="Success" executed="True" />
                      <test-case description="should pass 'PSUseDeclaredVarsMoreThanAssignments' rule" name="'SeededGuid' Module Analysis with PSScriptAnalyzer.Standard Rules.should pass 'PSUseDeclaredVarsMoreThanAssignments' rule" time="0.0037" asserts="0" success="True" result="Success" executed="True" />
                      <test-case description="should pass 'PSUseLiteralInitializerForHashtable' rule" name="'SeededGuid' Module Analysis with PSScriptAnalyzer.Standard Rules.should pass 'PSUseLiteralInitializerForHashtable' rule" time="0.0059" asserts="0" success="True" result="Success" executed="True" />
                      <test-case description="should pass 'PSUseOutputTypeCorrectly' rule" name="'SeededGuid' Module Analysis with PSScriptAnalyzer.Standard Rules.should pass 'PSUseOutputTypeCorrectly' rule" time="0.0037" asserts="0" success="True" result="Success" executed="True" />
                      <test-case description="should pass 'PSUseProcessBlockForPipelineCommand' rule" name="'SeededGuid' Module Analysis with PSScriptAnalyzer.Standard Rules.should pass 'PSUseProcessBlockForPipelineCommand' rule" time="0.0034" asserts="0" success="True" result="Success" executed="True" />
                      <test-case description="should pass 'PSUsePSCredentialType' rule" name="'SeededGuid' Module Analysis with PSScriptAnalyzer.Standard Rules.should pass 'PSUsePSCredentialType' rule" time="0.0039" asserts="0" success="True" result="Success" executed="True" />
                      <test-case description="should pass 'PSShouldProcess' rule" name="'SeededGuid' Module Analysis with PSScriptAnalyzer.Standard Rules.should pass 'PSShouldProcess' rule" time="0.0089" asserts="0" success="True" result="Success" executed="True" />
                      <test-case description="should pass 'PSUseShouldProcessForStateChangingFunctions' rule" name="'SeededGuid' Module Analysis with PSScriptAnalyzer.Standard Rules.should pass 'PSUseShouldProcessForStateChangingFunctions' rule" time="0.004" asserts="0" success="True" result="Success" executed="True" />
                      <test-case description="should pass 'PSUseSingularNouns' rule" name="'SeededGuid' Module Analysis with PSScriptAnalyzer.Standard Rules.should pass 'PSUseSingularNouns' rule" time="0.0071" asserts="0" success="True" result="Success" executed="True" />
                      <test-case description="should pass 'PSUseSupportsShouldProcess' rule" name="'SeededGuid' Module Analysis with PSScriptAnalyzer.Standard Rules.should pass 'PSUseSupportsShouldProcess' rule" time="0.0102" asserts="0" success="True" result="Success" executed="True" />
                      <test-case description="should pass 'PSUseToExportFieldsInManifest' rule" name="'SeededGuid' Module Analysis with PSScriptAnalyzer.Standard Rules.should pass 'PSUseToExportFieldsInManifest' rule" time="0.0034" asserts="0" success="True" result="Success" executed="True" />
                      <test-case description="should pass 'PSUseUsingScopeModifierInNewRunspaces' rule" name="'SeededGuid' Module Analysis with PSScriptAnalyzer.Standard Rules.should pass 'PSUseUsingScopeModifierInNewRunspaces' rule" time="0.0062" asserts="0" success="True" result="Success" executed="True" />
                      <test-case description="should pass 'PSUseUTF8EncodingForHelpFile' rule" name="'SeededGuid' Module Analysis with PSScriptAnalyzer.Standard Rules.should pass 'PSUseUTF8EncodingForHelpFile' rule" time="0.0036" asserts="0" success="True" result="Success" executed="True" />
                      <test-case description="should pass 'PSDSCDscExamplesPresent' rule" name="'SeededGuid' Module Analysis with PSScriptAnalyzer.Standard Rules.should pass 'PSDSCDscExamplesPresent' rule" time="0.0032" asserts="0" success="True" result="Success" executed="True" />
                      <test-case description="should pass 'PSDSCDscTestsPresent' rule" name="'SeededGuid' Module Analysis with PSScriptAnalyzer.Standard Rules.should pass 'PSDSCDscTestsPresent' rule" time="0.0055" asserts="0" success="True" result="Success" executed="True" />
                      <test-case description="should pass 'PSDSCReturnCorrectTypesForDSCFunctions' rule" name="'SeededGuid' Module Analysis with PSScriptAnalyzer.Standard Rules.should pass 'PSDSCReturnCorrectTypesForDSCFunctions' rule" time="0.0034" asserts="0" success="True" result="Success" executed="True" />
                      <test-case description="should pass 'PSDSCUseIdenticalMandatoryParametersForDSC' rule" name="'SeededGuid' Module Analysis with PSScriptAnalyzer.Standard Rules.should pass 'PSDSCUseIdenticalMandatoryParametersForDSC' rule" time="0.0032" asserts="0" success="True" result="Success" executed="True" />
                      <test-case description="should pass 'PSDSCUseIdenticalParametersForDSC' rule" name="'SeededGuid' Module Analysis with PSScriptAnalyzer.Standard Rules.should pass 'PSDSCUseIdenticalParametersForDSC' rule" time="0.0055" asserts="0" success="True" result="Success" executed="True" />
                      <test-case description="should pass 'PSDSCStandardDSCFunctionsInResource' rule" name="'SeededGuid' Module Analysis with PSScriptAnalyzer.Standard Rules.should pass 'PSDSCStandardDSCFunctionsInResource' rule" time="0.0029" asserts="0" success="True" result="Success" executed="True" />
                      <test-case description="should pass 'PSDSCUseVerboseMessageInDSCResource' rule" name="'SeededGuid' Module Analysis with PSScriptAnalyzer.Standard Rules.should pass 'PSDSCUseVerboseMessageInDSCResource' rule" time="0.0032" asserts="0" success="True" result="Success" executed="True" />
                    </results>
                  </test-suite>
                </results>
              </test-suite>
            </results>
          </test-suite>
          <test-suite type="TestFixture" name="'/home/kas/soco_dev/Modules/powershell.seeded-guid-githubActions/SeededGuid/Public/Get-SeededGuid.ps1' Function Analysis with PSScriptAnalyzer" executed="True" result="Success" success="True" time="0.6862" asserts="0" description="'/home/kas/soco_dev/Modules/powershell.seeded-guid-githubActions/SeededGuid/Public/Get-SeededGuid.ps1' Function Analysis with PSScriptAnalyzer">
            <results>
              <test-suite type="TestFixture" name="'/home/kas/soco_dev/Modules/powershell.seeded-guid-githubActions/SeededGuid/Public/Get-SeededGuid.ps1' Function Analysis with PSScriptAnalyzer.Standard Rules" executed="True" result="Success" success="True" time="0.3334" asserts="0" description="'/home/kas/soco_dev/Modules/powershell.seeded-guid-githubActions/SeededGuid/Public/Get-SeededGuid.ps1' Function Analysis with PSScriptAnalyzer.Standard Rules">
                <results>
                  <test-suite type="ParameterizedTest" name="'&lt;_&gt;' Function Analysis with PSScriptAnalyzer.Standard Rules.should pass '&lt;Rule&gt;' rule" executed="True" result="Success" success="True" time="0.3158" asserts="0" description="should pass '&lt;Rule&gt;' rule">
                    <results>
                      <test-case description="should pass 'PSAlignAssignmentStatement' rule" name="'/home/kas/soco_dev/Modules/powershell.seeded-guid-githubActions/SeededGuid/Public/Get-SeededGuid.ps1' Function Analysis with PSScriptAnalyzer.Standard Rules.should pass 'PSAlignAssignmentStatement' rule" time="0.0036" asserts="0" success="True" result="Success" executed="True" />
                      <test-case description="should pass 'PSAvoidUsingCmdletAliases' rule" name="'/home/kas/soco_dev/Modules/powershell.seeded-guid-githubActions/SeededGuid/Public/Get-SeededGuid.ps1' Function Analysis with PSScriptAnalyzer.Standard Rules.should pass 'PSAvoidUsingCmdletAliases' rule" time="0.0073" asserts="0" success="True" result="Success" executed="True" />
                      <test-case description="should pass 'PSAvoidAssignmentToAutomaticVariable' rule" name="'/home/kas/soco_dev/Modules/powershell.seeded-guid-githubActions/SeededGuid/Public/Get-SeededGuid.ps1' Function Analysis with PSScriptAnalyzer.Standard Rules.should pass 'PSAvoidAssignmentToAutomaticVariable' rule" time="0.0035" asserts="0" success="True" result="Success" executed="True" />
                      <test-case description="should pass 'PSAvoidDefaultValueSwitchParameter' rule" name="'/home/kas/soco_dev/Modules/powershell.seeded-guid-githubActions/SeededGuid/Public/Get-SeededGuid.ps1' Function Analysis with PSScriptAnalyzer.Standard Rules.should pass 'PSAvoidDefaultValueSwitchParameter' rule" time="0.0034" asserts="0" success="True" result="Success" executed="True" />
                      <test-case description="should pass 'PSAvoidDefaultValueForMandatoryParameter' rule" name="'/home/kas/soco_dev/Modules/powershell.seeded-guid-githubActions/SeededGuid/Public/Get-SeededGuid.ps1' Function Analysis with PSScriptAnalyzer.Standard Rules.should pass 'PSAvoidDefaultValueForMandatoryParameter' rule" time="0.0036" asserts="0" success="True" result="Success" executed="True" />
                      <test-case description="should pass 'PSAvoidUsingEmptyCatchBlock' rule" name="'/home/kas/soco_dev/Modules/powershell.seeded-guid-githubActions/SeededGuid/Public/Get-SeededGuid.ps1' Function Analysis with PSScriptAnalyzer.Standard Rules.should pass 'PSAvoidUsingEmptyCatchBlock' rule" time="0.0039" asserts="0" success="True" result="Success" executed="True" />
                      <test-case description="should pass 'PSAvoidExclaimOperator' rule" name="'/home/kas/soco_dev/Modules/powershell.seeded-guid-githubActions/SeededGuid/Public/Get-SeededGuid.ps1' Function Analysis with PSScriptAnalyzer.Standard Rules.should pass 'PSAvoidExclaimOperator' rule" time="0.006" asserts="0" success="True" result="Success" executed="True" />
                      <test-case description="should pass 'PSAvoidGlobalAliases' rule" name="'/home/kas/soco_dev/Modules/powershell.seeded-guid-githubActions/SeededGuid/Public/Get-SeededGuid.ps1' Function Analysis with PSScriptAnalyzer.Standard Rules.should pass 'PSAvoidGlobalAliases' rule" time="0.0036" asserts="0" success="True" result="Success" executed="True" />
                      <test-case description="should pass 'PSAvoidGlobalFunctions' rule" name="'/home/kas/soco_dev/Modules/powershell.seeded-guid-githubActions/SeededGuid/Public/Get-SeededGuid.ps1' Function Analysis with PSScriptAnalyzer.Standard Rules.should pass 'PSAvoidGlobalFunctions' rule" time="0.0032" asserts="0" success="True" result="Success" executed="True" />
                      <test-case description="should pass 'PSAvoidGlobalVars' rule" name="'/home/kas/soco_dev/Modules/powershell.seeded-guid-githubActions/SeededGuid/Public/Get-SeededGuid.ps1' Function Analysis with PSScriptAnalyzer.Standard Rules.should pass 'PSAvoidGlobalVars' rule" time="0.0067" asserts="0" success="True" result="Success" executed="True" />
                      <test-case description="should pass 'PSAvoidInvokingEmptyMembers' rule" name="'/home/kas/soco_dev/Modules/powershell.seeded-guid-githubActions/SeededGuid/Public/Get-SeededGuid.ps1' Function Analysis with PSScriptAnalyzer.Standard Rules.should pass 'PSAvoidInvokingEmptyMembers' rule" time="0.0032" asserts="0" success="True" result="Success" executed="True" />
                      <test-case description="should pass 'PSAvoidLongLines' rule" name="'/home/kas/soco_dev/Modules/powershell.seeded-guid-githubActions/SeededGuid/Public/Get-SeededGuid.ps1' Function Analysis with PSScriptAnalyzer.Standard Rules.should pass 'PSAvoidLongLines' rule" time="0.0029" asserts="0" success="True" result="Success" executed="True" />
                      <test-case description="should pass 'PSAvoidMultipleTypeAttributes' rule" name="'/home/kas/soco_dev/Modules/powershell.seeded-guid-githubActions/SeededGuid/Public/Get-SeededGuid.ps1' Function Analysis with PSScriptAnalyzer.Standard Rules.should pass 'PSAvoidMultipleTypeAttributes' rule" time="0.0062" asserts="0" success="True" result="Success" executed="True" />
                      <test-case description="should pass 'PSAvoidNullOrEmptyHelpMessageAttribute' rule" name="'/home/kas/soco_dev/Modules/powershell.seeded-guid-githubActions/SeededGuid/Public/Get-SeededGuid.ps1' Function Analysis with PSScriptAnalyzer.Standard Rules.should pass 'PSAvoidNullOrEmptyHelpMessageAttribute' rule" time="0.0038" asserts="0" success="True" result="Success" executed="True" />
                      <test-case description="should pass 'PSAvoidOverwritingBuiltInCmdlets' rule" name="'/home/kas/soco_dev/Modules/powershell.seeded-guid-githubActions/SeededGuid/Public/Get-SeededGuid.ps1' Function Analysis with PSScriptAnalyzer.Standard Rules.should pass 'PSAvoidOverwritingBuiltInCmdlets' rule" time="0.0059" asserts="0" success="True" result="Success" executed="True" />
                      <test-case description="should pass 'PSAvoidUsingPositionalParameters' rule" name="'/home/kas/soco_dev/Modules/powershell.seeded-guid-githubActions/SeededGuid/Public/Get-SeededGuid.ps1' Function Analysis with PSScriptAnalyzer.Standard Rules.should pass 'PSAvoidUsingPositionalParameters' rule" time="0.0067" asserts="0" success="True" result="Success" executed="True" />
                      <test-case description="should pass 'PSReservedCmdletChar' rule" name="'/home/kas/soco_dev/Modules/powershell.seeded-guid-githubActions/SeededGuid/Public/Get-SeededGuid.ps1' Function Analysis with PSScriptAnalyzer.Standard Rules.should pass 'PSReservedCmdletChar' rule" time="0.0036" asserts="0" success="True" result="Success" executed="True" />
                      <test-case description="should pass 'PSReservedParams' rule" name="'/home/kas/soco_dev/Modules/powershell.seeded-guid-githubActions/SeededGuid/Public/Get-SeededGuid.ps1' Function Analysis with PSScriptAnalyzer.Standard Rules.should pass 'PSReservedParams' rule" time="0.0035" asserts="0" success="True" result="Success" executed="True" />
                      <test-case description="should pass 'PSAvoidSemicolonsAsLineTerminators' rule" name="'/home/kas/soco_dev/Modules/powershell.seeded-guid-githubActions/SeededGuid/Public/Get-SeededGuid.ps1' Function Analysis with PSScriptAnalyzer.Standard Rules.should pass 'PSAvoidSemicolonsAsLineTerminators' rule" time="0.0057" asserts="0" success="True" result="Success" executed="True" />
                      <test-case description="should pass 'PSAvoidShouldContinueWithoutForce' rule" name="'/home/kas/soco_dev/Modules/powershell.seeded-guid-githubActions/SeededGuid/Public/Get-SeededGuid.ps1' Function Analysis with PSScriptAnalyzer.Standard Rules.should pass 'PSAvoidShouldContinueWithoutForce' rule" time="0.0039" asserts="0" success="True" result="Success" executed="True" />
                      <test-case description="should pass 'PSAvoidTrailingWhitespace' rule" name="'/home/kas/soco_dev/Modules/powershell.seeded-guid-githubActions/SeededGuid/Public/Get-SeededGuid.ps1' Function Analysis with PSScriptAnalyzer.Standard Rules.should pass 'PSAvoidTrailingWhitespace' rule" time="0.0038" asserts="0" success="True" result="Success" executed="True" />
                      <test-case description="should pass 'PSAvoidUsingUsernameAndPasswordParams' rule" name="'/home/kas/soco_dev/Modules/powershell.seeded-guid-githubActions/SeededGuid/Public/Get-SeededGuid.ps1' Function Analysis with PSScriptAnalyzer.Standard Rules.should pass 'PSAvoidUsingUsernameAndPasswordParams' rule" time="0.0059" asserts="0" success="True" result="Success" executed="True" />
                      <test-case description="should pass 'PSAvoidUsingAllowUnencryptedAuthentication' rule" name="'/home/kas/soco_dev/Modules/powershell.seeded-guid-githubActions/SeededGuid/Public/Get-SeededGuid.ps1' Function Analysis with PSScriptAnalyzer.Standard Rules.should pass 'PSAvoidUsingAllowUnencryptedAuthentication' rule" time="0.0034" asserts="0" success="True" result="Success" executed="True" />
                      <test-case description="should pass 'PSAvoidUsingBrokenHashAlgorithms' rule" name="'/home/kas/soco_dev/Modules/powershell.seeded-guid-githubActions/SeededGuid/Public/Get-SeededGuid.ps1' Function Analysis with PSScriptAnalyzer.Standard Rules.should pass 'PSAvoidUsingBrokenHashAlgorithms' rule" time="0.0073" asserts="0" success="True" result="Success" executed="True" />
                      <test-case description="should pass 'PSAvoidUsingComputerNameHardcoded' rule" name="'/home/kas/soco_dev/Modules/powershell.seeded-guid-githubActions/SeededGuid/Public/Get-SeededGuid.ps1' Function Analysis with PSScriptAnalyzer.Standard Rules.should pass 'PSAvoidUsingComputerNameHardcoded' rule" time="0.0036" asserts="0" success="True" result="Success" executed="True" />
                      <test-case description="should pass 'PSAvoidUsingConvertToSecureStringWithPlainText' rule" name="'/home/kas/soco_dev/Modules/powershell.seeded-guid-githubActions/SeededGuid/Public/Get-SeededGuid.ps1' Function Analysis with PSScriptAnalyzer.Standard Rules.should pass 'PSAvoidUsingConvertToSecureStringWithPlainText' rule" time="0.0035" asserts="0" success="True" result="Success" executed="True" />
                      <test-case description="should pass 'PSAvoidUsingDeprecatedManifestFields' rule" name="'/home/kas/soco_dev/Modules/powershell.seeded-guid-githubActions/SeededGuid/Public/Get-SeededGuid.ps1' Function Analysis with PSScriptAnalyzer.Standard Rules.should pass 'PSAvoidUsingDeprecatedManifestFields' rule" time="0.0063" asserts="0" success="True" result="Success" executed="True" />
                      <test-case description="should pass 'PSAvoidUsingDoubleQuotesForConstantString' rule" name="'/home/kas/soco_dev/Modules/powershell.seeded-guid-githubActions/SeededGuid/Public/Get-SeededGuid.ps1' Function Analysis with PSScriptAnalyzer.Standard Rules.should pass 'PSAvoidUsingDoubleQuotesForConstantString' rule" time="0.0033" asserts="0" success="True" result="Success" executed="True" />
                      <test-case description="should pass 'PSAvoidUsingInvokeExpression' rule" name="'/home/kas/soco_dev/Modules/powershell.seeded-guid-githubActions/SeededGuid/Public/Get-SeededGuid.ps1' Function Analysis with PSScriptAnalyzer.Standard Rules.should pass 'PSAvoidUsingInvokeExpression' rule" time="0.0038" asserts="0" success="True" result="Success" executed="True" />
                      <test-case description="should pass 'PSAvoidUsingPlainTextForPassword' rule" name="'/home/kas/soco_dev/Modules/powershell.seeded-guid-githubActions/SeededGuid/Public/Get-SeededGuid.ps1' Function Analysis with PSScriptAnalyzer.Standard Rules.should pass 'PSAvoidUsingPlainTextForPassword' rule" time="0.0072" asserts="0" success="True" result="Success" executed="True" />
                      <test-case description="should pass 'PSAvoidUsingWMICmdlet' rule" name="'/home/kas/soco_dev/Modules/powershell.seeded-guid-githubActions/SeededGuid/Public/Get-SeededGuid.ps1' Function Analysis with PSScriptAnalyzer.Standard Rules.should pass 'PSAvoidUsingWMICmdlet' rule" time="0.0036" asserts="0" success="True" result="Success" executed="True" />
                      <test-case description="should pass 'PSAvoidUsingWriteHost' rule" name="'/home/kas/soco_dev/Modules/powershell.seeded-guid-githubActions/SeededGuid/Public/Get-SeededGuid.ps1' Function Analysis with PSScriptAnalyzer.Standard Rules.should pass 'PSAvoidUsingWriteHost' rule" time="0.0033" asserts="0" success="True" result="Success" executed="True" />
                      <test-case description="should pass 'PSUseCompatibleCommands' rule" name="'/home/kas/soco_dev/Modules/powershell.seeded-guid-githubActions/SeededGuid/Public/Get-SeededGuid.ps1' Function Analysis with PSScriptAnalyzer.Standard Rules.should pass 'PSUseCompatibleCommands' rule" time="0.006" asserts="0" success="True" result="Success" executed="True" />
                      <test-case description="should pass 'PSUseCompatibleSyntax' rule" name="'/home/kas/soco_dev/Modules/powershell.seeded-guid-githubActions/SeededGuid/Public/Get-SeededGuid.ps1' Function Analysis with PSScriptAnalyzer.Standard Rules.should pass 'PSUseCompatibleSyntax' rule" time="0.0049" asserts="0" success="True" result="Success" executed="True" />
                      <test-case description="should pass 'PSUseCompatibleTypes' rule" name="'/home/kas/soco_dev/Modules/powershell.seeded-guid-githubActions/SeededGuid/Public/Get-SeededGuid.ps1' Function Analysis with PSScriptAnalyzer.Standard Rules.should pass 'PSUseCompatibleTypes' rule" time="0.0057" asserts="0" success="True" result="Success" executed="True" />
                      <test-case description="should pass 'PSMisleadingBacktick' rule" name="'/home/kas/soco_dev/Modules/powershell.seeded-guid-githubActions/SeededGuid/Public/Get-SeededGuid.ps1' Function Analysis with PSScriptAnalyzer.Standard Rules.should pass 'PSMisleadingBacktick' rule" time="0.0036" asserts="0" success="True" result="Success" executed="True" />
                      <test-case description="should pass 'PSMissingModuleManifestField' rule" name="'/home/kas/soco_dev/Modules/powershell.seeded-guid-githubActions/SeededGuid/Public/Get-SeededGuid.ps1' Function Analysis with PSScriptAnalyzer.Standard Rules.should pass 'PSMissingModuleManifestField' rule" time="0.0048" asserts="0" success="True" result="Success" executed="True" />
                      <test-case description="should pass 'PSPlaceCloseBrace' rule" name="'/home/kas/soco_dev/Modules/powershell.seeded-guid-githubActions/SeededGuid/Public/Get-SeededGuid.ps1' Function Analysis with PSScriptAnalyzer.Standard Rules.should pass 'PSPlaceCloseBrace' rule" time="0.0062" asserts="0" success="True" result="Success" executed="True" />
                      <test-case description="should pass 'PSPlaceOpenBrace' rule" name="'/home/kas/soco_dev/Modules/powershell.seeded-guid-githubActions/SeededGuid/Public/Get-SeededGuid.ps1' Function Analysis with PSScriptAnalyzer.Standard Rules.should pass 'PSPlaceOpenBrace' rule" time="0.0032" asserts="0" success="True" result="Success" executed="True" />
                      <test-case description="should pass 'PSPossibleIncorrectComparisonWithNull' rule" name="'/home/kas/soco_dev/Modules/powershell.seeded-guid-githubActions/SeededGuid/Public/Get-SeededGuid.ps1' Function Analysis with PSScriptAnalyzer.Standard Rules.should pass 'PSPossibleIncorrectComparisonWithNull' rule" time="0.0036" asserts="0" success="True" result="Success" executed="True" />
                      <test-case description="should pass 'PSPossibleIncorrectUsageOfAssignmentOperator' rule" name="'/home/kas/soco_dev/Modules/powershell.seeded-guid-githubActions/SeededGuid/Public/Get-SeededGuid.ps1' Function Analysis with PSScriptAnalyzer.Standard Rules.should pass 'PSPossibleIncorrectUsageOfAssignmentOperator' rule" time="0.0062" asserts="0" success="True" result="Success" executed="True" />
                      <test-case description="should pass 'PSPossibleIncorrectUsageOfRedirectionOperator' rule" name="'/home/kas/soco_dev/Modules/powershell.seeded-guid-githubActions/SeededGuid/Public/Get-SeededGuid.ps1' Function Analysis with PSScriptAnalyzer.Standard Rules.should pass 'PSPossibleIncorrectUsageOfRedirectionOperator' rule" time="0.0035" asserts="0" success="True" result="Success" executed="True" />
                      <test-case description="should pass 'PSProvideCommentHelp' rule" name="'/home/kas/soco_dev/Modules/powershell.seeded-guid-githubActions/SeededGuid/Public/Get-SeededGuid.ps1' Function Analysis with PSScriptAnalyzer.Standard Rules.should pass 'PSProvideCommentHelp' rule" time="0.0038" asserts="0" success="True" result="Success" executed="True" />
                      <test-case description="should pass 'PSReviewUnusedParameter' rule" name="'/home/kas/soco_dev/Modules/powershell.seeded-guid-githubActions/SeededGuid/Public/Get-SeededGuid.ps1' Function Analysis with PSScriptAnalyzer.Standard Rules.should pass 'PSReviewUnusedParameter' rule" time="0.0043" asserts="0" success="True" result="Success" executed="True" />
                      <test-case description="should pass 'PSUseApprovedVerbs' rule" name="'/home/kas/soco_dev/Modules/powershell.seeded-guid-githubActions/SeededGuid/Public/Get-SeededGuid.ps1' Function Analysis with PSScriptAnalyzer.Standard Rules.should pass 'PSUseApprovedVerbs' rule" time="0.0037" asserts="0" success="True" result="Success" executed="True" />
                      <test-case description="should pass 'PSUseBOMForUnicodeEncodedFile' rule" name="'/home/kas/soco_dev/Modules/powershell.seeded-guid-githubActions/SeededGuid/Public/Get-SeededGuid.ps1' Function Analysis with PSScriptAnalyzer.Standard Rules.should pass 'PSUseBOMForUnicodeEncodedFile' rule" time="0.0063" asserts="0" success="True" result="Success" executed="True" />
                      <test-case description="should pass 'PSUseCmdletCorrectly' rule" name="'/home/kas/soco_dev/Modules/powershell.seeded-guid-githubActions/SeededGuid/Public/Get-SeededGuid.ps1' Function Analysis with PSScriptAnalyzer.Standard Rules.should pass 'PSUseCmdletCorrectly' rule" time="0.0036" asserts="0" success="True" result="Success" executed="True" />
                      <test-case description="should pass 'PSUseCompatibleCmdlets' rule" name="'/home/kas/soco_dev/Modules/powershell.seeded-guid-githubActions/SeededGuid/Public/Get-SeededGuid.ps1' Function Analysis with PSScriptAnalyzer.Standard Rules.should pass 'PSUseCompatibleCmdlets' rule" time="0.0034" asserts="0" success="True" result="Success" executed="True" />
                      <test-case description="should pass 'PSUseConsistentIndentation' rule" name="'/home/kas/soco_dev/Modules/powershell.seeded-guid-githubActions/SeededGuid/Public/Get-SeededGuid.ps1' Function Analysis with PSScriptAnalyzer.Standard Rules.should pass 'PSUseConsistentIndentation' rule" time="0.0058" asserts="0" success="True" result="Success" executed="True" />
                      <test-case description="should pass 'PSUseConsistentWhitespace' rule" name="'/home/kas/soco_dev/Modules/powershell.seeded-guid-githubActions/SeededGuid/Public/Get-SeededGuid.ps1' Function Analysis with PSScriptAnalyzer.Standard Rules.should pass 'PSUseConsistentWhitespace' rule" time="0.0033" asserts="0" success="True" result="Success" executed="True" />
                      <test-case description="should pass 'PSUseCorrectCasing' rule" name="'/home/kas/soco_dev/Modules/powershell.seeded-guid-githubActions/SeededGuid/Public/Get-SeededGuid.ps1' Function Analysis with PSScriptAnalyzer.Standard Rules.should pass 'PSUseCorrectCasing' rule" time="0.0032" asserts="0" success="True" result="Success" executed="True" />
                      <test-case description="should pass 'PSUseDeclaredVarsMoreThanAssignments' rule" name="'/home/kas/soco_dev/Modules/powershell.seeded-guid-githubActions/SeededGuid/Public/Get-SeededGuid.ps1' Function Analysis with PSScriptAnalyzer.Standard Rules.should pass 'PSUseDeclaredVarsMoreThanAssignments' rule" time="0.0062" asserts="0" success="True" result="Success" executed="True" />
                      <test-case description="should pass 'PSUseLiteralInitializerForHashtable' rule" name="'/home/kas/soco_dev/Modules/powershell.seeded-guid-githubActions/SeededGuid/Public/Get-SeededGuid.ps1' Function Analysis with PSScriptAnalyzer.Standard Rules.should pass 'PSUseLiteralInitializerForHashtable' rule" time="0.0035" asserts="0" success="True" result="Success" executed="True" />
                      <test-case description="should pass 'PSUseOutputTypeCorrectly' rule" name="'/home/kas/soco_dev/Modules/powershell.seeded-guid-githubActions/SeededGuid/Public/Get-SeededGuid.ps1' Function Analysis with PSScriptAnalyzer.Standard Rules.should pass 'PSUseOutputTypeCorrectly' rule" time="0.0034" asserts="0" success="True" result="Success" executed="True" />
                      <test-case description="should pass 'PSUseProcessBlockForPipelineCommand' rule" name="'/home/kas/soco_dev/Modules/powershell.seeded-guid-githubActions/SeededGuid/Public/Get-SeededGuid.ps1' Function Analysis with PSScriptAnalyzer.Standard Rules.should pass 'PSUseProcessBlockForPipelineCommand' rule" time="0.0064" asserts="0" success="True" result="Success" executed="True" />
                      <test-case description="should pass 'PSUsePSCredentialType' rule" name="'/home/kas/soco_dev/Modules/powershell.seeded-guid-githubActions/SeededGuid/Public/Get-SeededGuid.ps1' Function Analysis with PSScriptAnalyzer.Standard Rules.should pass 'PSUsePSCredentialType' rule" time="0.004" asserts="0" success="True" result="Success" executed="True" />
                      <test-case description="should pass 'PSShouldProcess' rule" name="'/home/kas/soco_dev/Modules/powershell.seeded-guid-githubActions/SeededGuid/Public/Get-SeededGuid.ps1' Function Analysis with PSScriptAnalyzer.Standard Rules.should pass 'PSShouldProcess' rule" time="0.0063" asserts="0" success="True" result="Success" executed="True" />
                      <test-case description="should pass 'PSUseShouldProcessForStateChangingFunctions' rule" name="'/home/kas/soco_dev/Modules/powershell.seeded-guid-githubActions/SeededGuid/Public/Get-SeededGuid.ps1' Function Analysis with PSScriptAnalyzer.Standard Rules.should pass 'PSUseShouldProcessForStateChangingFunctions' rule" time="0.0036" asserts="0" success="True" result="Success" executed="True" />
                      <test-case description="should pass 'PSUseSingularNouns' rule" name="'/home/kas/soco_dev/Modules/powershell.seeded-guid-githubActions/SeededGuid/Public/Get-SeededGuid.ps1' Function Analysis with PSScriptAnalyzer.Standard Rules.should pass 'PSUseSingularNouns' rule" time="0.0043" asserts="0" success="True" result="Success" executed="True" />
                      <test-case description="should pass 'PSUseSupportsShouldProcess' rule" name="'/home/kas/soco_dev/Modules/powershell.seeded-guid-githubActions/SeededGuid/Public/Get-SeededGuid.ps1' Function Analysis with PSScriptAnalyzer.Standard Rules.should pass 'PSUseSupportsShouldProcess' rule" time="0.006" asserts="0" success="True" result="Success" executed="True" />
                      <test-case description="should pass 'PSUseToExportFieldsInManifest' rule" name="'/home/kas/soco_dev/Modules/powershell.seeded-guid-githubActions/SeededGuid/Public/Get-SeededGuid.ps1' Function Analysis with PSScriptAnalyzer.Standard Rules.should pass 'PSUseToExportFieldsInManifest' rule" time="0.0036" asserts="0" success="True" result="Success" executed="True" />
                      <test-case description="should pass 'PSUseUsingScopeModifierInNewRunspaces' rule" name="'/home/kas/soco_dev/Modules/powershell.seeded-guid-githubActions/SeededGuid/Public/Get-SeededGuid.ps1' Function Analysis with PSScriptAnalyzer.Standard Rules.should pass 'PSUseUsingScopeModifierInNewRunspaces' rule" time="0.0036" asserts="0" success="True" result="Success" executed="True" />
                      <test-case description="should pass 'PSUseUTF8EncodingForHelpFile' rule" name="'/home/kas/soco_dev/Modules/powershell.seeded-guid-githubActions/SeededGuid/Public/Get-SeededGuid.ps1' Function Analysis with PSScriptAnalyzer.Standard Rules.should pass 'PSUseUTF8EncodingForHelpFile' rule" time="0.0069" asserts="0" success="True" result="Success" executed="True" />
                      <test-case description="should pass 'PSDSCDscExamplesPresent' rule" name="'/home/kas/soco_dev/Modules/powershell.seeded-guid-githubActions/SeededGuid/Public/Get-SeededGuid.ps1' Function Analysis with PSScriptAnalyzer.Standard Rules.should pass 'PSDSCDscExamplesPresent' rule" time="0.003" asserts="0" success="True" result="Success" executed="True" />
                      <test-case description="should pass 'PSDSCDscTestsPresent' rule" name="'/home/kas/soco_dev/Modules/powershell.seeded-guid-githubActions/SeededGuid/Public/Get-SeededGuid.ps1' Function Analysis with PSScriptAnalyzer.Standard Rules.should pass 'PSDSCDscTestsPresent' rule" time="0.0056" asserts="0" success="True" result="Success" executed="True" />
                      <test-case description="should pass 'PSDSCReturnCorrectTypesForDSCFunctions' rule" name="'/home/kas/soco_dev/Modules/powershell.seeded-guid-githubActions/SeededGuid/Public/Get-SeededGuid.ps1' Function Analysis with PSScriptAnalyzer.Standard Rules.should pass 'PSDSCReturnCorrectTypesForDSCFunctions' rule" time="0.0037" asserts="0" success="True" result="Success" executed="True" />
                      <test-case description="should pass 'PSDSCUseIdenticalMandatoryParametersForDSC' rule" name="'/home/kas/soco_dev/Modules/powershell.seeded-guid-githubActions/SeededGuid/Public/Get-SeededGuid.ps1' Function Analysis with PSScriptAnalyzer.Standard Rules.should pass 'PSDSCUseIdenticalMandatoryParametersForDSC' rule" time="0.0029" asserts="0" success="True" result="Success" executed="True" />
                      <test-case description="should pass 'PSDSCUseIdenticalParametersForDSC' rule" name="'/home/kas/soco_dev/Modules/powershell.seeded-guid-githubActions/SeededGuid/Public/Get-SeededGuid.ps1' Function Analysis with PSScriptAnalyzer.Standard Rules.should pass 'PSDSCUseIdenticalParametersForDSC' rule" time="0.0057" asserts="0" success="True" result="Success" executed="True" />
                      <test-case description="should pass 'PSDSCStandardDSCFunctionsInResource' rule" name="'/home/kas/soco_dev/Modules/powershell.seeded-guid-githubActions/SeededGuid/Public/Get-SeededGuid.ps1' Function Analysis with PSScriptAnalyzer.Standard Rules.should pass 'PSDSCStandardDSCFunctionsInResource' rule" time="0.003" asserts="0" success="True" result="Success" executed="True" />
                      <test-case description="should pass 'PSDSCUseVerboseMessageInDSCResource' rule" name="'/home/kas/soco_dev/Modules/powershell.seeded-guid-githubActions/SeededGuid/Public/Get-SeededGuid.ps1' Function Analysis with PSScriptAnalyzer.Standard Rules.should pass 'PSDSCUseVerboseMessageInDSCResource' rule" time="0.0034" asserts="0" success="True" result="Success" executed="True" />
                    </results>
                  </test-suite>
                </results>
              </test-suite>
            </results>
          </test-suite>
        </results>
      </test-suite>
    </results>
  </test-suite>
</test-results>